Determining if the pthread_create exist failed with the following output:
Change Dir: /home/shivam/Projects/eYRC/catkin_ws/src/object_recognition/src/build/CMakeFiles/CMakeTmp

Run Build Command:"/usr/bin/make" "cmTC_abf3b/fast"
/usr/bin/make -f CMakeFiles/cmTC_abf3b.dir/build.make CMakeFiles/cmTC_abf3b.dir/build
make[1]: Entering directory '/home/shivam/Projects/eYRC/catkin_ws/src/object_recognition/src/build/CMakeFiles/CMakeTmp'
Building C object CMakeFiles/cmTC_abf3b.dir/CheckSymbolExists.c.o
/usr/bin/cc    -o CMakeFiles/cmTC_abf3b.dir/CheckSymbolExists.c.o   -c /home/shivam/Projects/eYRC/catkin_ws/src/object_recognition/src/build/CMakeFiles/CMakeTmp/CheckSymbolExists.c
Linking C executable cmTC_abf3b
/usr/bin/cmake -E cmake_link_script CMakeFiles/cmTC_abf3b.dir/link.txt --verbose=1
/usr/bin/cc      -rdynamic CMakeFiles/cmTC_abf3b.dir/CheckSymbolExists.c.o  -o cmTC_abf3b 
CMakeFiles/cmTC_abf3b.dir/CheckSymbolExists.c.o: In function `main':
CheckSymbolExists.c:(.text+0x1b): undefined reference to `pthread_create'
collect2: error: ld returned 1 exit status
CMakeFiles/cmTC_abf3b.dir/build.make:97: recipe for target 'cmTC_abf3b' failed
make[1]: *** [cmTC_abf3b] Error 1
make[1]: Leaving directory '/home/shivam/Projects/eYRC/catkin_ws/src/object_recognition/src/build/CMakeFiles/CMakeTmp'
Makefile:126: recipe for target 'cmTC_abf3b/fast' failed
make: *** [cmTC_abf3b/fast] Error 2

File /home/shivam/Projects/eYRC/catkin_ws/src/object_recognition/src/build/CMakeFiles/CMakeTmp/CheckSymbolExists.c:
/* */
#include <pthread.h>

int main(int argc, char** argv)
{
  (void)argv;
#ifndef pthread_create
  return ((int*)(&pthread_create))[argc];
#else
  (void)argc;
  return 0;
#endif
}

Determining if the function pthread_create exists in the pthreads failed with the following output:
Change Dir: /home/shivam/Projects/eYRC/catkin_ws/src/object_recognition/src/build/CMakeFiles/CMakeTmp

Run Build Command:"/usr/bin/make" "cmTC_47636/fast"
/usr/bin/make -f CMakeFiles/cmTC_47636.dir/build.make CMakeFiles/cmTC_47636.dir/build
make[1]: Entering directory '/home/shivam/Projects/eYRC/catkin_ws/src/object_recognition/src/build/CMakeFiles/CMakeTmp'
Building C object CMakeFiles/cmTC_47636.dir/CheckFunctionExists.c.o
/usr/bin/cc   -DCHECK_FUNCTION_EXISTS=pthread_create   -o CMakeFiles/cmTC_47636.dir/CheckFunctionExists.c.o   -c /usr/share/cmake-3.10/Modules/CheckFunctionExists.c
Linking C executable cmTC_47636
/usr/bin/cmake -E cmake_link_script CMakeFiles/cmTC_47636.dir/link.txt --verbose=1
/usr/bin/cc  -DCHECK_FUNCTION_EXISTS=pthread_create    -rdynamic CMakeFiles/cmTC_47636.dir/CheckFunctionExists.c.o  -o cmTC_47636 -lpthreads 
/usr/bin/ld: cannot find -lpthreads
collect2: error: ld returned 1 exit status
CMakeFiles/cmTC_47636.dir/build.make:97: recipe for target 'cmTC_47636' failed
make[1]: *** [cmTC_47636] Error 1
make[1]: Leaving directory '/home/shivam/Projects/eYRC/catkin_ws/src/object_recognition/src/build/CMakeFiles/CMakeTmp'
Makefile:126: recipe for target 'cmTC_47636/fast' failed
make: *** [cmTC_47636/fast] Error 2


