Determining if the pthread_create exist failed with the following output:
Change Dir: /home/shivam/Projects/eYRC/catkin_ws/src/lab/build/CMakeFiles/CMakeTmp

Run Build Command:"/usr/bin/make" "cmTC_8d85e/fast"
/usr/bin/make -f CMakeFiles/cmTC_8d85e.dir/build.make CMakeFiles/cmTC_8d85e.dir/build
make[1]: Entering directory '/home/shivam/Projects/eYRC/catkin_ws/src/lab/build/CMakeFiles/CMakeTmp'
Building C object CMakeFiles/cmTC_8d85e.dir/CheckSymbolExists.c.o
/usr/bin/gcc-7    -o CMakeFiles/cmTC_8d85e.dir/CheckSymbolExists.c.o   -c /home/shivam/Projects/eYRC/catkin_ws/src/lab/build/CMakeFiles/CMakeTmp/CheckSymbolExists.c
Linking C executable cmTC_8d85e
/usr/bin/cmake -E cmake_link_script CMakeFiles/cmTC_8d85e.dir/link.txt --verbose=1
/usr/bin/gcc-7      -rdynamic CMakeFiles/cmTC_8d85e.dir/CheckSymbolExists.c.o  -o cmTC_8d85e 
CMakeFiles/cmTC_8d85e.dir/CheckSymbolExists.c.o: In function `main':
CheckSymbolExists.c:(.text+0x1b): undefined reference to `pthread_create'
collect2: error: ld returned 1 exit status
CMakeFiles/cmTC_8d85e.dir/build.make:97: recipe for target 'cmTC_8d85e' failed
make[1]: *** [cmTC_8d85e] Error 1
make[1]: Leaving directory '/home/shivam/Projects/eYRC/catkin_ws/src/lab/build/CMakeFiles/CMakeTmp'
Makefile:126: recipe for target 'cmTC_8d85e/fast' failed
make: *** [cmTC_8d85e/fast] Error 2

File /home/shivam/Projects/eYRC/catkin_ws/src/lab/build/CMakeFiles/CMakeTmp/CheckSymbolExists.c:
/* */
#include <pthread.h>

int main(int argc, char** argv)
{
  (void)argv;
#ifndef pthread_create
  return ((int*)(&pthread_create))[argc];
#else
  (void)argc;
  return 0;
#endif
}

Determining if the function pthread_create exists in the pthreads failed with the following output:
Change Dir: /home/shivam/Projects/eYRC/catkin_ws/src/lab/build/CMakeFiles/CMakeTmp

Run Build Command:"/usr/bin/make" "cmTC_b9fd8/fast"
/usr/bin/make -f CMakeFiles/cmTC_b9fd8.dir/build.make CMakeFiles/cmTC_b9fd8.dir/build
make[1]: Entering directory '/home/shivam/Projects/eYRC/catkin_ws/src/lab/build/CMakeFiles/CMakeTmp'
Building C object CMakeFiles/cmTC_b9fd8.dir/CheckFunctionExists.c.o
/usr/bin/gcc-7   -DCHECK_FUNCTION_EXISTS=pthread_create   -o CMakeFiles/cmTC_b9fd8.dir/CheckFunctionExists.c.o   -c /usr/share/cmake-3.10/Modules/CheckFunctionExists.c
Linking C executable cmTC_b9fd8
/usr/bin/cmake -E cmake_link_script CMakeFiles/cmTC_b9fd8.dir/link.txt --verbose=1
/usr/bin/gcc-7  -DCHECK_FUNCTION_EXISTS=pthread_create    -rdynamic CMakeFiles/cmTC_b9fd8.dir/CheckFunctionExists.c.o  -o cmTC_b9fd8 -lpthreads 
/usr/bin/ld: cannot find -lpthreads
collect2: error: ld returned 1 exit status
CMakeFiles/cmTC_b9fd8.dir/build.make:97: recipe for target 'cmTC_b9fd8' failed
make[1]: *** [cmTC_b9fd8] Error 1
make[1]: Leaving directory '/home/shivam/Projects/eYRC/catkin_ws/src/lab/build/CMakeFiles/CMakeTmp'
Makefile:126: recipe for target 'cmTC_b9fd8/fast' failed
make: *** [cmTC_b9fd8/fast] Error 2


